<?xml version="1.0" encoding="UTF-8"?>
<testsuite name="Cucumber" time="60.824" tests="8" skipped="0" failures="0" errors="0">
<testcase classname="RastMobile Task" name="Card Details" time="30.2">
<system-out><![CDATA[
Given User goes to main page and accept cookies.............................passed
Then Verify the main page title.............................................passed
Given User hovers the mouse over the title of newly released books..........passed
Then User clicks on newly realesed "Bilgisayar" books options...............passed
And User adds to cart first book............................................passed
Then Verifies that the product has been added on the cart icon..............passed
Then User clicks on cart ıcon...............................................passed
And User clicks on satinAL button...........................................passed
Given User selects continue without register option.........................passed
And Verify the guest page title.............................................passed
When User clicks on add address button......................................passed
Then User enters "Test", "BYSUTCU", "testMS@gmaill.com" to form.............passed
Then User enters "Mehmet", "SUTCU", "Türkiye", "Ankara", "ÇANKAYA", "Kitap Sokak NO.10", "5531010101" to delivery form.passed
And User clicks on continue button..........................................passed
And Verifies that user address details has been displayed...................passed
Then User clicks on continue button.........................................passed
And Verify the payment page title...........................................passed
]]></system-out>
</testcase>
<testcase classname="RastMobile Task" name="Negative CartNumber - Example #1.1" time="3.618">
<system-out><![CDATA[
And User enters credit cart "0000236639977478" _Negative....................passed
And User enters credit cart name............................................passed
And User enters credit cart expires date....................................passed
And User enters credit cart cvc number......................................passed
Then User clicks on continue button.........................................passed
And Verify error message is displayed.......................................passed
]]></system-out>
</testcase>
<testcase classname="RastMobile Task" name="Negative CartNumber - Example #1.2" time="3.649">
<system-out><![CDATA[
And User enters credit cart "5570236639970000" _Negative....................passed
And User enters credit cart name............................................passed
And User enters credit cart expires date....................................passed
And User enters credit cart cvc number......................................passed
Then User clicks on continue button.........................................passed
And Verify error message is displayed.......................................passed
]]></system-out>
</testcase>
<testcase classname="RastMobile Task" name="Negative CartNumber - Example #1.3" time="3.61">
<system-out><![CDATA[
And User enters credit cart "557023663997747" _Negative.....................passed
And User enters credit cart name............................................passed
And User enters credit cart expires date....................................passed
And User enters credit cart cvc number......................................passed
Then User clicks on continue button.........................................passed
And Verify error message is displayed.......................................passed
]]></system-out>
</testcase>
<testcase classname="RastMobile Task" name="Negative CartNumber - Example #1.4" time="3.604">
<system-out><![CDATA[
And User enters credit cart "557023663997747." _Negative....................passed
And User enters credit cart name............................................passed
And User enters credit cart expires date....................................passed
And User enters credit cart cvc number......................................passed
Then User clicks on continue button.........................................passed
And Verify error message is displayed.......................................passed
]]></system-out>
</testcase>
<testcase classname="RastMobile Task" name="Negative CartNumber - Example #1.5" time="3.6">
<system-out><![CDATA[
And User enters credit cart "557023663997747_" _Negative....................passed
And User enters credit cart name............................................passed
And User enters credit cart expires date....................................passed
And User enters credit cart cvc number......................................passed
Then User clicks on continue button.........................................passed
And Verify error message is displayed.......................................passed
]]></system-out>
</testcase>
<testcase classname="RastMobile Task" name="Negative CartNumber - Example #1.6" time="3.612">
<system-out><![CDATA[
And User enters credit cart "557023663997747A" _Negative....................passed
And User enters credit cart name............................................passed
And User enters credit cart expires date....................................passed
And User enters credit cart cvc number......................................passed
Then User clicks on continue button.........................................passed
And Verify error message is displayed.......................................passed
]]></system-out>
</testcase>
<testcase classname="RastMobile Task" name="Negative CartNumber - Example #1.7" time="3.612">
<system-out><![CDATA[
And User enters credit cart "a702366399774712" _Negative....................passed
And User enters credit cart name............................................passed
And User enters credit cart expires date....................................passed
And User enters credit cart cvc number......................................passed
Then User clicks on continue button.........................................passed
And Verify error message is displayed.......................................passed
]]></system-out>
</testcase>
</testsuite>
